<?xml version="1.0" encoding="UTF-8"?>
<!-- Generated by org.testng.reporters.JUnitReportReporter -->
<testsuite hostname="Vipins-MacBook-Air.local" failures="0" tests="2" name="browserOpenSetup.ChromeSetUp" time="88.371" errors="0" timestamp="2024-12-21T17:46:37 IST" skipped="0">
  <testcase classname="browserOpenSetup.ChromeSetUp" name="framehandle" time="88.249"/>
  <testcase classname="browserOpenSetup.ChromeSetUp" name="teardown" time="0.122"/>
</testsuite> <!-- browserOpenSetup.ChromeSetUp -->
